D:\MYSHER\YOUNG\SDL_CAMERA\SRC\DEBUG\SDL_CAMERA.EXE
D:\MYSHER\YOUNG\SDL_CAMERA\SRC\DEBUG\SDL_CAMERA.ILK
D:\MYSHER\YOUNG\SDL_CAMERA\SRC\DEBUG\SDL_CAMERA.PDB
D:\mysher\YOUNG\SDL_Camera\src\sdl_Camera\Debug\cl.command.1.tlog
D:\mysher\YOUNG\SDL_Camera\src\sdl_Camera\Debug\CL.read.1.tlog
D:\mysher\YOUNG\SDL_Camera\src\sdl_Camera\Debug\CL.write.1.tlog
D:\mysher\YOUNG\SDL_Camera\src\sdl_Camera\Debug\link.command.1.tlog
D:\mysher\YOUNG\SDL_Camera\src\sdl_Camera\Debug\link.read.1.tlog
D:\mysher\YOUNG\SDL_Camera\src\sdl_Camera\Debug\link.write.1.tlog
D:\mysher\YOUNG\SDL_Camera\src\sdl_Camera\Debug\link-cvtres.read.1.tlog
D:\mysher\YOUNG\SDL_Camera\src\sdl_Camera\Debug\link-cvtres.write.1.tlog
D:\mysher\YOUNG\SDL_Camera\src\sdl_Camera\Debug\mt.command.1.tlog
D:\mysher\YOUNG\SDL_Camera\src\sdl_Camera\Debug\mt.read.1.tlog
D:\mysher\YOUNG\SDL_Camera\src\sdl_Camera\Debug\mt.write.1.tlog
D:\mysher\YOUNG\SDL_Camera\src\sdl_Camera\Debug\rc.command.1.tlog
D:\mysher\YOUNG\SDL_Camera\src\sdl_Camera\Debug\rc.read.1.tlog
D:\mysher\YOUNG\SDL_Camera\src\sdl_Camera\Debug\rc.write.1.tlog
D:\MYSHER\YOUNG\SDL_CAMERA\SRC\SDL_CAMERA\DEBUG\SDL_CAMERA.EXE.EMBED.MANIFEST
D:\MYSHER\YOUNG\SDL_CAMERA\SRC\SDL_CAMERA\DEBUG\SDL_CAMERA.EXE.EMBED.MANIFEST.RES
D:\MYSHER\YOUNG\SDL_CAMERA\SRC\SDL_CAMERA\DEBUG\SDL_CAMERA.EXE.INTERMEDIATE.MANIFEST
D:\MYSHER\YOUNG\SDL_CAMERA\SRC\SDL_CAMERA\DEBUG\SDL_CAMERA.OBJ
D:\MYSHER\YOUNG\SDL_CAMERA\SRC\SDL_CAMERA\DEBUG\SDL_CAMERA.PCH
D:\MYSHER\YOUNG\SDL_CAMERA\SRC\SDL_CAMERA\DEBUG\SDL_CAMERA.RES
D:\mysher\YOUNG\SDL_Camera\src\sdl_Camera\Debug\sdl_Camera.write.1.tlog
D:\mysher\YOUNG\SDL_Camera\src\sdl_Camera\Debug\sdl_Camera_manifest.rc
D:\MYSHER\YOUNG\SDL_CAMERA\SRC\SDL_CAMERA\DEBUG\SDL_CAMERADLG.OBJ
D:\MYSHER\YOUNG\SDL_CAMERA\SRC\SDL_CAMERA\DEBUG\STDAFX.OBJ
D:\mysher\YOUNG\SDL_Camera\src\sdl_Camera\Debug\vc100.idb
D:\MYSHER\YOUNG\SDL_CAMERA\SRC\SDL_CAMERA\DEBUG\VC100.PDB
D:\MYSHER\YOUNG\SDL_CAMERA\SRC\SDL_CAMERA\DEBUG\YOUNG_CCAMERA.OBJ
